<?xml version="1.0" encoding="UTF-8"?>
<robot generator="Robot 7.2 (Python 3.12.8 on win32)" generated="2025-05-09T11:12:01.584846" rpa="false" schemaversion="5">
<suite id="s1" name="BruteForce" source="C:\Users\bjornol\Testudo_code\bruteforce\BruteForce.robot">
<test id="s1-t1" name="Fail Immediately If Brute Force Detected" line="11">
<kw name="Get File" owner="OperatingSystem">
<msg time="2025-05-09T11:12:01.624186" level="INFO" html="true">Getting file '&lt;a href="file://C:\Users\bjornol\Testudo_code\bruteforce\login_attempts.log"&gt;C:\Users\bjornol\Testudo_code\bruteforce\login_attempts.log&lt;/a&gt;'.</msg>
<msg time="2025-05-09T11:12:01.625362" level="INFO">${content} = 2025-05-09T10:42:37.894312 | IP: 127.0.0.1 | USERNAME: admin | PASSWORD: id | SUCCESS: False
2025-05-09T10:42:38.821042 | IP: 127.0.0.1 | USERNAME: admin | PASSWORD: action | SUCCESS: False
2025-05-09...</msg>
<var>${content}</var>
<arg>${LOG_FILE}</arg>
<doc>Returns the contents of a specified file.</doc>
<status status="PASS" start="2025-05-09T11:12:01.624186" elapsed="0.001176"/>
</kw>
<kw name="Split To Lines" owner="String">
<msg time="2025-05-09T11:12:01.625572" level="INFO">18 lines returned</msg>
<msg time="2025-05-09T11:12:01.625572" level="INFO">${lines} = ['2025-05-09T10:42:37.894312 | IP: 127.0.0.1 | USERNAME: admin | PASSWORD: id | SUCCESS: False', '2025-05-09T10:42:38.821042 | IP: 127.0.0.1 | USERNAME: admin | PASSWORD: action | SUCCESS: False', '20...</msg>
<var>${lines}</var>
<arg>${content}</arg>
<doc>Splits the given string to lines.</doc>
<status status="PASS" start="2025-05-09T11:12:01.625572" elapsed="0.000000"/>
</kw>
<kw name="Create Dictionary" owner="BuiltIn">
<msg time="2025-05-09T11:12:01.625572" level="INFO">${failed_ips} = {}</msg>
<var>${failed_ips}</var>
<doc>Creates and returns a dictionary based on the given ``items``.</doc>
<status status="PASS" start="2025-05-09T11:12:01.625572" elapsed="0.000000"/>
</kw>
<for flavor="IN">
<iter>
<kw name="Run Keyword And Return Status" owner="BuiltIn">
<kw name="Should Contain" owner="BuiltIn">
<arg>${line}</arg>
<arg>SUCCESS: False</arg>
<doc>Fails if ``container`` does not contain ``item`` one or more times.</doc>
<status status="PASS" start="2025-05-09T11:12:01.626614" elapsed="0.000000"/>
</kw>
<msg time="2025-05-09T11:12:01.626614" level="INFO">${is_failed} = True</msg>
<var>${is_failed}</var>
<arg>Should Contain</arg>
<arg>${line}</arg>
<arg>SUCCESS: False</arg>
<doc>Runs the given keyword with given arguments and returns the status as a Boolean value.</doc>
<status status="PASS" start="2025-05-09T11:12:01.626614" elapsed="0.000000"/>
</kw>
<if>
<branch type="IF" condition="${is_failed}">
<kw name="Get Regexp Matches" owner="String">
<msg time="2025-05-09T11:12:01.626614" level="INFO">${ip_match} = []</msg>
<var>${ip_match}</var>
<arg>${line}</arg>
<arg>IP: (\S+)</arg>
<doc>Returns a list of all non-overlapping matches in the given string.</doc>
<status status="PASS" start="2025-05-09T11:12:01.626614" elapsed="0.000000"/>
</kw>
<kw name="Get Regexp Matches" owner="String">
<msg time="2025-05-09T11:12:01.626614" level="INFO">${ts_match} = ['2025-05-09T10:42:37.894312 ', '', '', '', '', '', '', '', '', '', '', '', '', '', '', '', '', '', '', '', '', '', '', '', '', '', '', '', '', '', '', '', '', '', '', '', '', '', '', '', '', '', '', ...</msg>
<var>${ts_match}</var>
<arg>${line}</arg>
<arg>^(.*?) \|</arg>
<doc>Returns a list of all non-overlapping matches in the given string.</doc>
<status status="PASS" start="2025-05-09T11:12:01.626614" elapsed="0.000000"/>
</kw>
<kw name="Get Length" owner="BuiltIn">
<msg time="2025-05-09T11:12:01.626614" level="INFO">Length is 0.</msg>
<msg time="2025-05-09T11:12:01.627664" level="INFO">${ip_len} = 0</msg>
<var>${ip_len}</var>
<arg>${ip_match}</arg>
<doc>Returns and logs the length of the given item as an integer.</doc>
<status status="PASS" start="2025-05-09T11:12:01.626614" elapsed="0.001050"/>
</kw>
<kw name="Get Length" owner="BuiltIn">
<msg time="2025-05-09T11:12:01.627664" level="INFO">Length is 67.</msg>
<msg time="2025-05-09T11:12:01.627664" level="INFO">${ts_len} = 67</msg>
<var>${ts_len}</var>
<arg>${ts_match}</arg>
<doc>Returns and logs the length of the given item as an integer.</doc>
<status status="PASS" start="2025-05-09T11:12:01.627664" elapsed="0.000000"/>
</kw>
<kw name="Run Keyword If" owner="BuiltIn">
<arg>${ip_len} &gt; 0 and ${ts_len} &gt; 0</arg>
<arg>Store Failed Attempt</arg>
<arg>${ip_match}</arg>
<arg>${ts_match}</arg>
<arg>${failed_ips}</arg>
<doc>Runs the given keyword with the given arguments, if ``condition`` is true.</doc>
<status status="PASS" start="2025-05-09T11:12:01.627664" elapsed="0.000000"/>
</kw>
<status status="PASS" start="2025-05-09T11:12:01.626614" elapsed="0.001050"/>
</branch>
<status status="PASS" start="2025-05-09T11:12:01.626614" elapsed="0.001050"/>
</if>
<var name="${line}">2025-05-09T10:42:37.894312 | IP: 127.0.0.1 | USERNAME: admin | PASSWORD: id | SUCCESS: False</var>
<status status="PASS" start="2025-05-09T11:12:01.626614" elapsed="0.001050"/>
</iter>
<iter>
<kw name="Run Keyword And Return Status" owner="BuiltIn">
<kw name="Should Contain" owner="BuiltIn">
<arg>${line}</arg>
<arg>SUCCESS: False</arg>
<doc>Fails if ``container`` does not contain ``item`` one or more times.</doc>
<status status="PASS" start="2025-05-09T11:12:01.627664" elapsed="0.000000"/>
</kw>
<msg time="2025-05-09T11:12:01.627664" level="INFO">${is_failed} = True</msg>
<var>${is_failed}</var>
<arg>Should Contain</arg>
<arg>${line}</arg>
<arg>SUCCESS: False</arg>
<doc>Runs the given keyword with given arguments and returns the status as a Boolean value.</doc>
<status status="PASS" start="2025-05-09T11:12:01.627664" elapsed="0.000000"/>
</kw>
<if>
<branch type="IF" condition="${is_failed}">
<kw name="Get Regexp Matches" owner="String">
<msg time="2025-05-09T11:12:01.628667" level="INFO">${ip_match} = []</msg>
<var>${ip_match}</var>
<arg>${line}</arg>
<arg>IP: (\S+)</arg>
<doc>Returns a list of all non-overlapping matches in the given string.</doc>
<status status="PASS" start="2025-05-09T11:12:01.627664" elapsed="0.001003"/>
</kw>
<kw name="Get Regexp Matches" owner="String">
<msg time="2025-05-09T11:12:01.628667" level="INFO">${ts_match} = ['2025-05-09T10:42:38.821042 ', '', '', '', '', '', '', '', '', '', '', '', '', '', '', '', '', '', '', '', '', '', '', '', '', '', '', '', '', '', '', '', '', '', '', '', '', '', '', '', '', '', '', ...</msg>
<var>${ts_match}</var>
<arg>${line}</arg>
<arg>^(.*?) \|</arg>
<doc>Returns a list of all non-overlapping matches in the given string.</doc>
<status status="PASS" start="2025-05-09T11:12:01.628667" elapsed="0.000000"/>
</kw>
<kw name="Get Length" owner="BuiltIn">
<msg time="2025-05-09T11:12:01.628667" level="INFO">Length is 0.</msg>
<msg time="2025-05-09T11:12:01.628667" level="INFO">${ip_len} = 0</msg>
<var>${ip_len}</var>
<arg>${ip_match}</arg>
<doc>Returns and logs the length of the given item as an integer.</doc>
<status status="PASS" start="2025-05-09T11:12:01.628667" elapsed="0.000000"/>
</kw>
<kw name="Get Length" owner="BuiltIn">
<msg time="2025-05-09T11:12:01.628667" level="INFO">Length is 71.</msg>
<msg time="2025-05-09T11:12:01.628667" level="INFO">${ts_len} = 71</msg>
<var>${ts_len}</var>
<arg>${ts_match}</arg>
<doc>Returns and logs the length of the given item as an integer.</doc>
<status status="PASS" start="2025-05-09T11:12:01.628667" elapsed="0.000000"/>
</kw>
<kw name="Run Keyword If" owner="BuiltIn">
<arg>${ip_len} &gt; 0 and ${ts_len} &gt; 0</arg>
<arg>Store Failed Attempt</arg>
<arg>${ip_match}</arg>
<arg>${ts_match}</arg>
<arg>${failed_ips}</arg>
<doc>Runs the given keyword with the given arguments, if ``condition`` is true.</doc>
<status status="PASS" start="2025-05-09T11:12:01.628667" elapsed="0.000000"/>
</kw>
<status status="PASS" start="2025-05-09T11:12:01.627664" elapsed="0.001003"/>
</branch>
<status status="PASS" start="2025-05-09T11:12:01.627664" elapsed="0.001003"/>
</if>
<var name="${line}">2025-05-09T10:42:38.821042 | IP: 127.0.0.1 | USERNAME: admin | PASSWORD: action | SUCCESS: False</var>
<status status="PASS" start="2025-05-09T11:12:01.627664" elapsed="0.001003"/>
</iter>
<iter>
<kw name="Run Keyword And Return Status" owner="BuiltIn">
<kw name="Should Contain" owner="BuiltIn">
<arg>${line}</arg>
<arg>SUCCESS: False</arg>
<doc>Fails if ``container`` does not contain ``item`` one or more times.</doc>
<status status="PASS" start="2025-05-09T11:12:01.629811" elapsed="0.000000"/>
</kw>
<msg time="2025-05-09T11:12:01.629811" level="INFO">${is_failed} = True</msg>
<var>${is_failed}</var>
<arg>Should Contain</arg>
<arg>${line}</arg>
<arg>SUCCESS: False</arg>
<doc>Runs the given keyword with given arguments and returns the status as a Boolean value.</doc>
<status status="PASS" start="2025-05-09T11:12:01.629811" elapsed="0.000000"/>
</kw>
<if>
<branch type="IF" condition="${is_failed}">
<kw name="Get Regexp Matches" owner="String">
<msg time="2025-05-09T11:12:01.629811" level="INFO">${ip_match} = []</msg>
<var>${ip_match}</var>
<arg>${line}</arg>
<arg>IP: (\S+)</arg>
<doc>Returns a list of all non-overlapping matches in the given string.</doc>
<status status="PASS" start="2025-05-09T11:12:01.629811" elapsed="0.000000"/>
</kw>
<kw name="Get Regexp Matches" owner="String">
<msg time="2025-05-09T11:12:01.629811" level="INFO">${ts_match} = ['2025-05-09T10:42:39.669889 ', '', '', '', '', '', '', '', '', '', '', '', '', '', '', '', '', '', '', '', '', '', '', '', '', '', '', '', '', '', '', '', '', '', '', '', '', '', '', '', '', '', '', ...</msg>
<var>${ts_match}</var>
<arg>${line}</arg>
<arg>^(.*?) \|</arg>
<doc>Returns a list of all non-overlapping matches in the given string.</doc>
<status status="PASS" start="2025-05-09T11:12:01.629811" elapsed="0.000000"/>
</kw>
<kw name="Get Length" owner="BuiltIn">
<msg time="2025-05-09T11:12:01.630818" level="INFO">Length is 0.</msg>
<msg time="2025-05-09T11:12:01.630818" level="INFO">${ip_len} = 0</msg>
<var>${ip_len}</var>
<arg>${ip_match}</arg>
<doc>Returns and logs the length of the given item as an integer.</doc>
<status status="PASS" start="2025-05-09T11:12:01.629811" elapsed="0.001007"/>
</kw>
<kw name="Get Length" owner="BuiltIn">
<msg time="2025-05-09T11:12:01.630818" level="INFO">Length is 69.</msg>
<msg time="2025-05-09T11:12:01.630818" level="INFO">${ts_len} = 69</msg>
<var>${ts_len}</var>
<arg>${ts_match}</arg>
<doc>Returns and logs the length of the given item as an integer.</doc>
<status status="PASS" start="2025-05-09T11:12:01.630818" elapsed="0.000000"/>
</kw>
<kw name="Run Keyword If" owner="BuiltIn">
<arg>${ip_len} &gt; 0 and ${ts_len} &gt; 0</arg>
<arg>Store Failed Attempt</arg>
<arg>${ip_match}</arg>
<arg>${ts_match}</arg>
<arg>${failed_ips}</arg>
<doc>Runs the given keyword with the given arguments, if ``condition`` is true.</doc>
<status status="PASS" start="2025-05-09T11:12:01.630818" elapsed="0.000000"/>
</kw>
<status status="PASS" start="2025-05-09T11:12:01.629811" elapsed="0.001007"/>
</branch>
<status status="PASS" start="2025-05-09T11:12:01.629811" elapsed="0.001007"/>
</if>
<var name="${line}">2025-05-09T10:42:39.669889 | IP: 127.0.0.1 | USERNAME: admin | PASSWORD: page | SUCCESS: False</var>
<status status="PASS" start="2025-05-09T11:12:01.629811" elapsed="0.001007"/>
</iter>
<iter>
<kw name="Run Keyword And Return Status" owner="BuiltIn">
<kw name="Should Contain" owner="BuiltIn">
<arg>${line}</arg>
<arg>SUCCESS: False</arg>
<doc>Fails if ``container`` does not contain ``item`` one or more times.</doc>
<status status="PASS" start="2025-05-09T11:12:01.630818" elapsed="0.000000"/>
</kw>
<msg time="2025-05-09T11:12:01.630818" level="INFO">${is_failed} = True</msg>
<var>${is_failed}</var>
<arg>Should Contain</arg>
<arg>${line}</arg>
<arg>SUCCESS: False</arg>
<doc>Runs the given keyword with given arguments and returns the status as a Boolean value.</doc>
<status status="PASS" start="2025-05-09T11:12:01.630818" elapsed="0.000000"/>
</kw>
<if>
<branch type="IF" condition="${is_failed}">
<kw name="Get Regexp Matches" owner="String">
<msg time="2025-05-09T11:12:01.631817" level="INFO">${ip_match} = []</msg>
<var>${ip_match}</var>
<arg>${line}</arg>
<arg>IP: (\S+)</arg>
<doc>Returns a list of all non-overlapping matches in the given string.</doc>
<status status="PASS" start="2025-05-09T11:12:01.630818" elapsed="0.000999"/>
</kw>
<kw name="Get Regexp Matches" owner="String">
<msg time="2025-05-09T11:12:01.631817" level="INFO">${ts_match} = ['2025-05-09T10:42:40.498620 ', '', '', '', '', '', '', '', '', '', '', '', '', '', '', '', '', '', '', '', '', '', '', '', '', '', '', '', '', '', '', '', '', '', '', '', '', '', '', '', '', '', '', ...</msg>
<var>${ts_match}</var>
<arg>${line}</arg>
<arg>^(.*?) \|</arg>
<doc>Returns a list of all non-overlapping matches in the given string.</doc>
<status status="PASS" start="2025-05-09T11:12:01.631817" elapsed="0.000000"/>
</kw>
<kw name="Get Length" owner="BuiltIn">
<msg time="2025-05-09T11:12:01.631817" level="INFO">Length is 0.</msg>
<msg time="2025-05-09T11:12:01.631817" level="INFO">${ip_len} = 0</msg>
<var>${ip_len}</var>
<arg>${ip_match}</arg>
<doc>Returns and logs the length of the given item as an integer.</doc>
<status status="PASS" start="2025-05-09T11:12:01.631817" elapsed="0.000000"/>
</kw>
<kw name="Get Length" owner="BuiltIn">
<msg time="2025-05-09T11:12:01.631817" level="INFO">Length is 69.</msg>
<msg time="2025-05-09T11:12:01.631817" level="INFO">${ts_len} = 69</msg>
<var>${ts_len}</var>
<arg>${ts_match}</arg>
<doc>Returns and logs the length of the given item as an integer.</doc>
<status status="PASS" start="2025-05-09T11:12:01.631817" elapsed="0.000000"/>
</kw>
<kw name="Run Keyword If" owner="BuiltIn">
<arg>${ip_len} &gt; 0 and ${ts_len} &gt; 0</arg>
<arg>Store Failed Attempt</arg>
<arg>${ip_match}</arg>
<arg>${ts_match}</arg>
<arg>${failed_ips}</arg>
<doc>Runs the given keyword with the given arguments, if ``condition`` is true.</doc>
<status status="PASS" start="2025-05-09T11:12:01.631817" elapsed="0.000000"/>
</kw>
<status status="PASS" start="2025-05-09T11:12:01.630818" elapsed="0.000999"/>
</branch>
<status status="PASS" start="2025-05-09T11:12:01.630818" elapsed="0.000999"/>
</if>
<var name="${line}">2025-05-09T10:42:40.498620 | IP: 127.0.0.1 | USERNAME: admin | PASSWORD: name | SUCCESS: False</var>
<status status="PASS" start="2025-05-09T11:12:01.630818" elapsed="0.000999"/>
</iter>
<iter>
<kw name="Run Keyword And Return Status" owner="BuiltIn">
<kw name="Should Contain" owner="BuiltIn">
<arg>${line}</arg>
<arg>SUCCESS: False</arg>
<doc>Fails if ``container`` does not contain ``item`` one or more times.</doc>
<status status="PASS" start="2025-05-09T11:12:01.631817" elapsed="0.001000"/>
</kw>
<msg time="2025-05-09T11:12:01.632817" level="INFO">${is_failed} = True</msg>
<var>${is_failed}</var>
<arg>Should Contain</arg>
<arg>${line}</arg>
<arg>SUCCESS: False</arg>
<doc>Runs the given keyword with given arguments and returns the status as a Boolean value.</doc>
<status status="PASS" start="2025-05-09T11:12:01.631817" elapsed="0.001000"/>
</kw>
<if>
<branch type="IF" condition="${is_failed}">
<kw name="Get Regexp Matches" owner="String">
<msg time="2025-05-09T11:12:01.632817" level="INFO">${ip_match} = []</msg>
<var>${ip_match}</var>
<arg>${line}</arg>
<arg>IP: (\S+)</arg>
<doc>Returns a list of all non-overlapping matches in the given string.</doc>
<status status="PASS" start="2025-05-09T11:12:01.632817" elapsed="0.000000"/>
</kw>
<kw name="Get Regexp Matches" owner="String">
<msg time="2025-05-09T11:12:01.633820" level="INFO">${ts_match} = ['2025-05-09T10:42:41.089183 ', '', '', '', '', '', '', '', '', '', '', '', '', '', '', '', '', '', '', '', '', '', '', '', '', '', '', '', '', '', '', '', '', '', '', '', '', '', '', '', '', '', '', ...</msg>
<var>${ts_match}</var>
<arg>${line}</arg>
<arg>^(.*?) \|</arg>
<doc>Returns a list of all non-overlapping matches in the given string.</doc>
<status status="PASS" start="2025-05-09T11:12:01.632817" elapsed="0.001003"/>
</kw>
<kw name="Get Length" owner="BuiltIn">
<msg time="2025-05-09T11:12:01.633820" level="INFO">Length is 0.</msg>
<msg time="2025-05-09T11:12:01.633820" level="INFO">${ip_len} = 0</msg>
<var>${ip_len}</var>
<arg>${ip_match}</arg>
<doc>Returns and logs the length of the given item as an integer.</doc>
<status status="PASS" start="2025-05-09T11:12:01.633820" elapsed="0.000000"/>
</kw>
<kw name="Get Length" owner="BuiltIn">
<msg time="2025-05-09T11:12:01.634819" level="INFO">Length is 73.</msg>
<msg time="2025-05-09T11:12:01.634819" level="INFO">${ts_len} = 73</msg>
<var>${ts_len}</var>
<arg>${ts_match}</arg>
<doc>Returns and logs the length of the given item as an integer.</doc>
<status status="PASS" start="2025-05-09T11:12:01.634819" elapsed="0.000000"/>
</kw>
<kw name="Run Keyword If" owner="BuiltIn">
<arg>${ip_len} &gt; 0 and ${ts_len} &gt; 0</arg>
<arg>Store Failed Attempt</arg>
<arg>${ip_match}</arg>
<arg>${ts_match}</arg>
<arg>${failed_ips}</arg>
<doc>Runs the given keyword with the given arguments, if ``condition`` is true.</doc>
<status status="PASS" start="2025-05-09T11:12:01.634819" elapsed="0.000000"/>
</kw>
<status status="PASS" start="2025-05-09T11:12:01.632817" elapsed="0.002002"/>
</branch>
<status status="PASS" start="2025-05-09T11:12:01.632817" elapsed="0.002002"/>
</if>
<var name="${line}">2025-05-09T10:42:41.089183 | IP: 127.0.0.1 | USERNAME: admin | PASSWORD: password | SUCCESS: False</var>
<status status="PASS" start="2025-05-09T11:12:01.631817" elapsed="0.003002"/>
</iter>
<iter>
<kw name="Run Keyword And Return Status" owner="BuiltIn">
<kw name="Should Contain" owner="BuiltIn">
<arg>${line}</arg>
<arg>SUCCESS: False</arg>
<doc>Fails if ``container`` does not contain ``item`` one or more times.</doc>
<status status="PASS" start="2025-05-09T11:12:01.635818" elapsed="0.000000"/>
</kw>
<msg time="2025-05-09T11:12:01.635818" level="INFO">${is_failed} = True</msg>
<var>${is_failed}</var>
<arg>Should Contain</arg>
<arg>${line}</arg>
<arg>SUCCESS: False</arg>
<doc>Runs the given keyword with given arguments and returns the status as a Boolean value.</doc>
<status status="PASS" start="2025-05-09T11:12:01.635818" elapsed="0.000000"/>
</kw>
<if>
<branch type="IF" condition="${is_failed}">
<kw name="Get Regexp Matches" owner="String">
<msg time="2025-05-09T11:12:01.635818" level="INFO">${ip_match} = []</msg>
<var>${ip_match}</var>
<arg>${line}</arg>
<arg>IP: (\S+)</arg>
<doc>Returns a list of all non-overlapping matches in the given string.</doc>
<status status="PASS" start="2025-05-09T11:12:01.635818" elapsed="0.000000"/>
</kw>
<kw name="Get Regexp Matches" owner="String">
<msg time="2025-05-09T11:12:01.636818" level="INFO">${ts_match} = ['2025-05-09T10:42:41.560692 ', '', '', '', '', '', '', '', '', '', '', '', '', '', '', '', '', '', '', '', '', '', '', '', '', '', '', '', '', '', '', '', '', '', '', '', '', '', '', '', '', '', '', ...</msg>
<var>${ts_match}</var>
<arg>${line}</arg>
<arg>^(.*?) \|</arg>
<doc>Returns a list of all non-overlapping matches in the given string.</doc>
<status status="PASS" start="2025-05-09T11:12:01.636818" elapsed="0.000000"/>
</kw>
<kw name="Get Length" owner="BuiltIn">
<msg time="2025-05-09T11:12:01.636818" level="INFO">Length is 0.</msg>
<msg time="2025-05-09T11:12:01.636818" level="INFO">${ip_len} = 0</msg>
<var>${ip_len}</var>
<arg>${ip_match}</arg>
<doc>Returns and logs the length of the given item as an integer.</doc>
<status status="PASS" start="2025-05-09T11:12:01.636818" elapsed="0.000000"/>
</kw>
<kw name="Get Length" owner="BuiltIn">
<msg time="2025-05-09T11:12:01.636818" level="INFO">Length is 68.</msg>
<msg time="2025-05-09T11:12:01.636818" level="INFO">${ts_len} = 68</msg>
<var>${ts_len}</var>
<arg>${ts_match}</arg>
<doc>Returns and logs the length of the given item as an integer.</doc>
<status status="PASS" start="2025-05-09T11:12:01.636818" elapsed="0.000000"/>
</kw>
<kw name="Run Keyword If" owner="BuiltIn">
<arg>${ip_len} &gt; 0 and ${ts_len} &gt; 0</arg>
<arg>Store Failed Attempt</arg>
<arg>${ip_match}</arg>
<arg>${ts_match}</arg>
<arg>${failed_ips}</arg>
<doc>Runs the given keyword with the given arguments, if ``condition`` is true.</doc>
<status status="PASS" start="2025-05-09T11:12:01.636818" elapsed="0.001099"/>
</kw>
<status status="PASS" start="2025-05-09T11:12:01.635818" elapsed="0.002099"/>
</branch>
<status status="PASS" start="2025-05-09T11:12:01.635818" elapsed="0.002099"/>
</if>
<var name="${line}">2025-05-09T10:42:41.560692 | IP: 127.0.0.1 | USERNAME: admin | PASSWORD: url | SUCCESS: False</var>
<status status="PASS" start="2025-05-09T11:12:01.635818" elapsed="0.002099"/>
</iter>
<iter>
<kw name="Run Keyword And Return Status" owner="BuiltIn">
<kw name="Should Contain" owner="BuiltIn">
<arg>${line}</arg>
<arg>SUCCESS: False</arg>
<doc>Fails if ``container`` does not contain ``item`` one or more times.</doc>
<status status="PASS" start="2025-05-09T11:12:01.637917" elapsed="0.000000"/>
</kw>
<msg time="2025-05-09T11:12:01.637917" level="INFO">${is_failed} = True</msg>
<var>${is_failed}</var>
<arg>Should Contain</arg>
<arg>${line}</arg>
<arg>SUCCESS: False</arg>
<doc>Runs the given keyword with given arguments and returns the status as a Boolean value.</doc>
<status status="PASS" start="2025-05-09T11:12:01.637917" elapsed="0.000000"/>
</kw>
<if>
<branch type="IF" condition="${is_failed}">
<kw name="Get Regexp Matches" owner="String">
<msg time="2025-05-09T11:12:01.638826" level="INFO">${ip_match} = []</msg>
<var>${ip_match}</var>
<arg>${line}</arg>
<arg>IP: (\S+)</arg>
<doc>Returns a list of all non-overlapping matches in the given string.</doc>
<status status="PASS" start="2025-05-09T11:12:01.638826" elapsed="0.000000"/>
</kw>
<kw name="Get Regexp Matches" owner="String">
<msg time="2025-05-09T11:12:01.638826" level="INFO">${ts_match} = ['2025-05-09T10:42:42.027332 ', '', '', '', '', '', '', '', '', '', '', '', '', '', '', '', '', '', '', '', '', '', '', '', '', '', '', '', '', '', '', '', '', '', '', '', '', '', '', '', '', '', '', ...</msg>
<var>${ts_match}</var>
<arg>${line}</arg>
<arg>^(.*?) \|</arg>
<doc>Returns a list of all non-overlapping matches in the given string.</doc>
<status status="PASS" start="2025-05-09T11:12:01.638826" elapsed="0.000000"/>
</kw>
<kw name="Get Length" owner="BuiltIn">
<msg time="2025-05-09T11:12:01.638826" level="INFO">Length is 0.</msg>
<msg time="2025-05-09T11:12:01.638826" level="INFO">${ip_len} = 0</msg>
<var>${ip_len}</var>
<arg>${ip_match}</arg>
<doc>Returns and logs the length of the given item as an integer.</doc>
<status status="PASS" start="2025-05-09T11:12:01.638826" elapsed="0.000000"/>
</kw>
<kw name="Get Length" owner="BuiltIn">
<msg time="2025-05-09T11:12:01.638826" level="INFO">Length is 70.</msg>
<msg time="2025-05-09T11:12:01.639909" level="INFO">${ts_len} = 70</msg>
<var>${ts_len}</var>
<arg>${ts_match}</arg>
<doc>Returns and logs the length of the given item as an integer.</doc>
<status status="PASS" start="2025-05-09T11:12:01.638826" elapsed="0.001083"/>
</kw>
<kw name="Run Keyword If" owner="BuiltIn">
<arg>${ip_len} &gt; 0 and ${ts_len} &gt; 0</arg>
<arg>Store Failed Attempt</arg>
<arg>${ip_match}</arg>
<arg>${ts_match}</arg>
<arg>${failed_ips}</arg>
<doc>Runs the given keyword with the given arguments, if ``condition`` is true.</doc>
<status status="PASS" start="2025-05-09T11:12:01.639909" elapsed="0.000000"/>
</kw>
<status status="PASS" start="2025-05-09T11:12:01.637917" elapsed="0.001992"/>
</branch>
<status status="PASS" start="2025-05-09T11:12:01.637917" elapsed="0.001992"/>
</if>
<var name="${line}">2025-05-09T10:42:42.027332 | IP: 127.0.0.1 | USERNAME: admin | PASSWORD: email | SUCCESS: False</var>
<status status="PASS" start="2025-05-09T11:12:01.637917" elapsed="0.001992"/>
</iter>
<iter>
<kw name="Run Keyword And Return Status" owner="BuiltIn">
<kw name="Should Contain" owner="BuiltIn">
<arg>${line}</arg>
<arg>SUCCESS: False</arg>
<doc>Fails if ``container`` does not contain ``item`` one or more times.</doc>
<status status="PASS" start="2025-05-09T11:12:01.639909" elapsed="0.000000"/>
</kw>
<msg time="2025-05-09T11:12:01.639909" level="INFO">${is_failed} = True</msg>
<var>${is_failed}</var>
<arg>Should Contain</arg>
<arg>${line}</arg>
<arg>SUCCESS: False</arg>
<doc>Runs the given keyword with given arguments and returns the status as a Boolean value.</doc>
<status status="PASS" start="2025-05-09T11:12:01.639909" elapsed="0.000915"/>
</kw>
<if>
<branch type="IF" condition="${is_failed}">
<kw name="Get Regexp Matches" owner="String">
<msg time="2025-05-09T11:12:01.640824" level="INFO">${ip_match} = []</msg>
<var>${ip_match}</var>
<arg>${line}</arg>
<arg>IP: (\S+)</arg>
<doc>Returns a list of all non-overlapping matches in the given string.</doc>
<status status="PASS" start="2025-05-09T11:12:01.640824" elapsed="0.000000"/>
</kw>
<kw name="Get Regexp Matches" owner="String">
<msg time="2025-05-09T11:12:01.640824" level="INFO">${ts_match} = ['2025-05-09T10:42:42.329516 ', '', '', '', '', '', '', '', '', '', '', '', '', '', '', '', '', '', '', '', '', '', '', '', '', '', '', '', '', '', '', '', '', '', '', '', '', '', '', '', '', '', '', ...</msg>
<var>${ts_match}</var>
<arg>${line}</arg>
<arg>^(.*?) \|</arg>
<doc>Returns a list of all non-overlapping matches in the given string.</doc>
<status status="PASS" start="2025-05-09T11:12:01.640824" elapsed="0.000000"/>
</kw>
<kw name="Get Length" owner="BuiltIn">
<msg time="2025-05-09T11:12:01.640824" level="INFO">Length is 0.</msg>
<msg time="2025-05-09T11:12:01.640824" level="INFO">${ip_len} = 0</msg>
<var>${ip_len}</var>
<arg>${ip_match}</arg>
<doc>Returns and logs the length of the given item as an integer.</doc>
<status status="PASS" start="2025-05-09T11:12:01.640824" elapsed="0.000000"/>
</kw>
<kw name="Get Length" owner="BuiltIn">
<msg time="2025-05-09T11:12:01.640824" level="INFO">Length is 69.</msg>
<msg time="2025-05-09T11:12:01.640824" level="INFO">${ts_len} = 69</msg>
<var>${ts_len}</var>
<arg>${ts_match}</arg>
<doc>Returns and logs the length of the given item as an integer.</doc>
<status status="PASS" start="2025-05-09T11:12:01.640824" elapsed="0.000000"/>
</kw>
<kw name="Run Keyword If" owner="BuiltIn">
<arg>${ip_len} &gt; 0 and ${ts_len} &gt; 0</arg>
<arg>Store Failed Attempt</arg>
<arg>${ip_match}</arg>
<arg>${ts_match}</arg>
<arg>${failed_ips}</arg>
<doc>Runs the given keyword with the given arguments, if ``condition`` is true.</doc>
<status status="PASS" start="2025-05-09T11:12:01.641825" elapsed="0.000000"/>
</kw>
<status status="PASS" start="2025-05-09T11:12:01.640824" elapsed="0.001001"/>
</branch>
<status status="PASS" start="2025-05-09T11:12:01.640824" elapsed="0.001001"/>
</if>
<var name="${line}">2025-05-09T10:42:42.329516 | IP: 127.0.0.1 | USERNAME: admin | PASSWORD: type | SUCCESS: False</var>
<status status="PASS" start="2025-05-09T11:12:01.639909" elapsed="0.001916"/>
</iter>
<iter>
<kw name="Run Keyword And Return Status" owner="BuiltIn">
<kw name="Should Contain" owner="BuiltIn">
<arg>${line}</arg>
<arg>SUCCESS: False</arg>
<doc>Fails if ``container`` does not contain ``item`` one or more times.</doc>
<status status="PASS" start="2025-05-09T11:12:01.641825" elapsed="0.001013"/>
</kw>
<msg time="2025-05-09T11:12:01.642838" level="INFO">${is_failed} = True</msg>
<var>${is_failed}</var>
<arg>Should Contain</arg>
<arg>${line}</arg>
<arg>SUCCESS: False</arg>
<doc>Runs the given keyword with given arguments and returns the status as a Boolean value.</doc>
<status status="PASS" start="2025-05-09T11:12:01.641825" elapsed="0.001013"/>
</kw>
<if>
<branch type="IF" condition="${is_failed}">
<kw name="Get Regexp Matches" owner="String">
<msg time="2025-05-09T11:12:01.642838" level="INFO">${ip_match} = []</msg>
<var>${ip_match}</var>
<arg>${line}</arg>
<arg>IP: (\S+)</arg>
<doc>Returns a list of all non-overlapping matches in the given string.</doc>
<status status="PASS" start="2025-05-09T11:12:01.642838" elapsed="0.000000"/>
</kw>
<kw name="Get Regexp Matches" owner="String">
<msg time="2025-05-09T11:12:01.642838" level="INFO">${ts_match} = ['2025-05-09T10:42:42.626835 ', '', '', '', '', '', '', '', '', '', '', '', '', '', '', '', '', '', '', '', '', '', '', '', '', '', '', '', '', '', '', '', '', '', '', '', '', '', '', '', '', '', '', ...</msg>
<var>${ts_match}</var>
<arg>${line}</arg>
<arg>^(.*?) \|</arg>
<doc>Returns a list of all non-overlapping matches in the given string.</doc>
<status status="PASS" start="2025-05-09T11:12:01.642838" elapsed="0.000000"/>
</kw>
<kw name="Get Length" owner="BuiltIn">
<msg time="2025-05-09T11:12:01.642838" level="INFO">Length is 0.</msg>
<msg time="2025-05-09T11:12:01.642838" level="INFO">${ip_len} = 0</msg>
<var>${ip_len}</var>
<arg>${ip_match}</arg>
<doc>Returns and logs the length of the given item as an integer.</doc>
<status status="PASS" start="2025-05-09T11:12:01.642838" elapsed="0.000000"/>
</kw>
<kw name="Get Length" owner="BuiltIn">
<msg time="2025-05-09T11:12:01.642838" level="INFO">Length is 73.</msg>
<msg time="2025-05-09T11:12:01.642838" level="INFO">${ts_len} = 73</msg>
<var>${ts_len}</var>
<arg>${ts_match}</arg>
<doc>Returns and logs the length of the given item as an integer.</doc>
<status status="PASS" start="2025-05-09T11:12:01.642838" elapsed="0.001066"/>
</kw>
<kw name="Run Keyword If" owner="BuiltIn">
<arg>${ip_len} &gt; 0 and ${ts_len} &gt; 0</arg>
<arg>Store Failed Attempt</arg>
<arg>${ip_match}</arg>
<arg>${ts_match}</arg>
<arg>${failed_ips}</arg>
<doc>Runs the given keyword with the given arguments, if ``condition`` is true.</doc>
<status status="PASS" start="2025-05-09T11:12:01.643904" elapsed="0.000000"/>
</kw>
<status status="PASS" start="2025-05-09T11:12:01.642838" elapsed="0.001066"/>
</branch>
<status status="PASS" start="2025-05-09T11:12:01.642838" elapsed="0.001066"/>
</if>
<var name="${line}">2025-05-09T10:42:42.626835 | IP: 127.0.0.1 | USERNAME: admin | PASSWORD: username | SUCCESS: False</var>
<status status="PASS" start="2025-05-09T11:12:01.641825" elapsed="0.002079"/>
</iter>
<iter>
<kw name="Run Keyword And Return Status" owner="BuiltIn">
<kw name="Should Contain" owner="BuiltIn">
<arg>${line}</arg>
<arg>SUCCESS: False</arg>
<doc>Fails if ``container`` does not contain ``item`` one or more times.</doc>
<status status="PASS" start="2025-05-09T11:12:01.643904" elapsed="0.000000"/>
</kw>
<msg time="2025-05-09T11:12:01.643904" level="INFO">${is_failed} = True</msg>
<var>${is_failed}</var>
<arg>Should Contain</arg>
<arg>${line}</arg>
<arg>SUCCESS: False</arg>
<doc>Runs the given keyword with given arguments and returns the status as a Boolean value.</doc>
<status status="PASS" start="2025-05-09T11:12:01.643904" elapsed="0.000000"/>
</kw>
<if>
<branch type="IF" condition="${is_failed}">
<kw name="Get Regexp Matches" owner="String">
<msg time="2025-05-09T11:12:01.643904" level="INFO">${ip_match} = []</msg>
<var>${ip_match}</var>
<arg>${line}</arg>
<arg>IP: (\S+)</arg>
<doc>Returns a list of all non-overlapping matches in the given string.</doc>
<status status="PASS" start="2025-05-09T11:12:01.643904" elapsed="0.000000"/>
</kw>
<kw name="Get Regexp Matches" owner="String">
<msg time="2025-05-09T11:12:01.643904" level="INFO">${ts_match} = ['2025-05-09T10:42:42.945575 ', '', '', '', '', '', '', '', '', '', '', '', '', '', '', '', '', '', '', '', '', '', '', '', '', '', '', '', '', '', '', '', '', '', '', '', '', '', '', '', '', '', '', ...</msg>
<var>${ts_match}</var>
<arg>${line}</arg>
<arg>^(.*?) \|</arg>
<doc>Returns a list of all non-overlapping matches in the given string.</doc>
<status status="PASS" start="2025-05-09T11:12:01.643904" elapsed="0.000000"/>
</kw>
<kw name="Get Length" owner="BuiltIn">
<msg time="2025-05-09T11:12:01.644915" level="INFO">Length is 0.</msg>
<msg time="2025-05-09T11:12:01.644915" level="INFO">${ip_len} = 0</msg>
<var>${ip_len}</var>
<arg>${ip_match}</arg>
<doc>Returns and logs the length of the given item as an integer.</doc>
<status status="PASS" start="2025-05-09T11:12:01.644915" elapsed="0.000000"/>
</kw>
<kw name="Get Length" owner="BuiltIn">
<msg time="2025-05-09T11:12:01.645116" level="INFO">Length is 69.</msg>
<msg time="2025-05-09T11:12:01.645116" level="INFO">${ts_len} = 69</msg>
<var>${ts_len}</var>
<arg>${ts_match}</arg>
<doc>Returns and logs the length of the given item as an integer.</doc>
<status status="PASS" start="2025-05-09T11:12:01.645116" elapsed="0.000243"/>
</kw>
<kw name="Run Keyword If" owner="BuiltIn">
<arg>${ip_len} &gt; 0 and ${ts_len} &gt; 0</arg>
<arg>Store Failed Attempt</arg>
<arg>${ip_match}</arg>
<arg>${ts_match}</arg>
<arg>${failed_ips}</arg>
<doc>Runs the given keyword with the given arguments, if ``condition`` is true.</doc>
<status status="PASS" start="2025-05-09T11:12:01.645359" elapsed="0.000000"/>
</kw>
<status status="PASS" start="2025-05-09T11:12:01.643904" elapsed="0.001455"/>
</branch>
<status status="PASS" start="2025-05-09T11:12:01.643904" elapsed="0.001455"/>
</if>
<var name="${line}">2025-05-09T10:42:42.945575 | IP: 127.0.0.1 | USERNAME: admin | PASSWORD: file | SUCCESS: False</var>
<status status="PASS" start="2025-05-09T11:12:01.643904" elapsed="0.001455"/>
</iter>
<iter>
<kw name="Run Keyword And Return Status" owner="BuiltIn">
<kw name="Should Contain" owner="BuiltIn">
<arg>${line}</arg>
<arg>SUCCESS: False</arg>
<doc>Fails if ``container`` does not contain ``item`` one or more times.</doc>
<status status="PASS" start="2025-05-09T11:12:01.645359" elapsed="0.000000"/>
</kw>
<msg time="2025-05-09T11:12:01.645359" level="INFO">${is_failed} = True</msg>
<var>${is_failed}</var>
<arg>Should Contain</arg>
<arg>${line}</arg>
<arg>SUCCESS: False</arg>
<doc>Runs the given keyword with given arguments and returns the status as a Boolean value.</doc>
<status status="PASS" start="2025-05-09T11:12:01.645359" elapsed="0.000000"/>
</kw>
<if>
<branch type="IF" condition="${is_failed}">
<kw name="Get Regexp Matches" owner="String">
<msg time="2025-05-09T11:12:01.645359" level="INFO">${ip_match} = []</msg>
<var>${ip_match}</var>
<arg>${line}</arg>
<arg>IP: (\S+)</arg>
<doc>Returns a list of all non-overlapping matches in the given string.</doc>
<status status="PASS" start="2025-05-09T11:12:01.645359" elapsed="0.000000"/>
</kw>
<kw name="Get Regexp Matches" owner="String">
<msg time="2025-05-09T11:12:01.645359" level="INFO">${ts_match} = ['2025-05-09T10:42:43.289231 ', '', '', '', '', '', '', '', '', '', '', '', '', '', '', '', '', '', '', '', '', '', '', '', '', '', '', '', '', '', '', '', '', '', '', '', '', '', '', '', '', '', '', ...</msg>
<var>${ts_match}</var>
<arg>${line}</arg>
<arg>^(.*?) \|</arg>
<doc>Returns a list of all non-overlapping matches in the given string.</doc>
<status status="PASS" start="2025-05-09T11:12:01.645359" elapsed="0.000000"/>
</kw>
<kw name="Get Length" owner="BuiltIn">
<msg time="2025-05-09T11:12:01.646438" level="INFO">Length is 0.</msg>
<msg time="2025-05-09T11:12:01.646438" level="INFO">${ip_len} = 0</msg>
<var>${ip_len}</var>
<arg>${ip_match}</arg>
<doc>Returns and logs the length of the given item as an integer.</doc>
<status status="PASS" start="2025-05-09T11:12:01.645359" elapsed="0.001079"/>
</kw>
<kw name="Get Length" owner="BuiltIn">
<msg time="2025-05-09T11:12:01.646438" level="INFO">Length is 70.</msg>
<msg time="2025-05-09T11:12:01.646438" level="INFO">${ts_len} = 70</msg>
<var>${ts_len}</var>
<arg>${ts_match}</arg>
<doc>Returns and logs the length of the given item as an integer.</doc>
<status status="PASS" start="2025-05-09T11:12:01.646438" elapsed="0.000000"/>
</kw>
<kw name="Run Keyword If" owner="BuiltIn">
<arg>${ip_len} &gt; 0 and ${ts_len} &gt; 0</arg>
<arg>Store Failed Attempt</arg>
<arg>${ip_match}</arg>
<arg>${ts_match}</arg>
<arg>${failed_ips}</arg>
<doc>Runs the given keyword with the given arguments, if ``condition`` is true.</doc>
<status status="PASS" start="2025-05-09T11:12:01.646438" elapsed="0.000000"/>
</kw>
<status status="PASS" start="2025-05-09T11:12:01.645359" elapsed="0.001079"/>
</branch>
<status status="PASS" start="2025-05-09T11:12:01.645359" elapsed="0.001079"/>
</if>
<var name="${line}">2025-05-09T10:42:43.289231 | IP: 127.0.0.1 | USERNAME: admin | PASSWORD: title | SUCCESS: False</var>
<status status="PASS" start="2025-05-09T11:12:01.645359" elapsed="0.001079"/>
</iter>
<iter>
<kw name="Run Keyword And Return Status" owner="BuiltIn">
<kw name="Should Contain" owner="BuiltIn">
<arg>${line}</arg>
<arg>SUCCESS: False</arg>
<doc>Fails if ``container`` does not contain ``item`` one or more times.</doc>
<status status="PASS" start="2025-05-09T11:12:01.646438" elapsed="0.000000"/>
</kw>
<msg time="2025-05-09T11:12:01.646438" level="INFO">${is_failed} = True</msg>
<var>${is_failed}</var>
<arg>Should Contain</arg>
<arg>${line}</arg>
<arg>SUCCESS: False</arg>
<doc>Runs the given keyword with given arguments and returns the status as a Boolean value.</doc>
<status status="PASS" start="2025-05-09T11:12:01.646438" elapsed="0.000000"/>
</kw>
<if>
<branch type="IF" condition="${is_failed}">
<kw name="Get Regexp Matches" owner="String">
<msg time="2025-05-09T11:12:01.647438" level="INFO">${ip_match} = []</msg>
<var>${ip_match}</var>
<arg>${line}</arg>
<arg>IP: (\S+)</arg>
<doc>Returns a list of all non-overlapping matches in the given string.</doc>
<status status="PASS" start="2025-05-09T11:12:01.646438" elapsed="0.001000"/>
</kw>
<kw name="Get Regexp Matches" owner="String">
<msg time="2025-05-09T11:12:01.647438" level="INFO">${ts_match} = ['2025-05-09T10:42:43.799517 ', '', '', '', '', '', '', '', '', '', '', '', '', '', '', '', '', '', '', '', '', '', '', '', '', '', '', '', '', '', '', '', '', '', '', '', '', '', '', '', '', '', '', ...</msg>
<var>${ts_match}</var>
<arg>${line}</arg>
<arg>^(.*?) \|</arg>
<doc>Returns a list of all non-overlapping matches in the given string.</doc>
<status status="PASS" start="2025-05-09T11:12:01.647438" elapsed="0.000000"/>
</kw>
<kw name="Get Length" owner="BuiltIn">
<msg time="2025-05-09T11:12:01.647438" level="INFO">Length is 0.</msg>
<msg time="2025-05-09T11:12:01.647438" level="INFO">${ip_len} = 0</msg>
<var>${ip_len}</var>
<arg>${ip_match}</arg>
<doc>Returns and logs the length of the given item as an integer.</doc>
<status status="PASS" start="2025-05-09T11:12:01.647438" elapsed="0.000000"/>
</kw>
<kw name="Get Length" owner="BuiltIn">
<msg time="2025-05-09T11:12:01.647438" level="INFO">Length is 69.</msg>
<msg time="2025-05-09T11:12:01.647438" level="INFO">${ts_len} = 69</msg>
<var>${ts_len}</var>
<arg>${ts_match}</arg>
<doc>Returns and logs the length of the given item as an integer.</doc>
<status status="PASS" start="2025-05-09T11:12:01.647438" elapsed="0.000000"/>
</kw>
<kw name="Run Keyword If" owner="BuiltIn">
<arg>${ip_len} &gt; 0 and ${ts_len} &gt; 0</arg>
<arg>Store Failed Attempt</arg>
<arg>${ip_match}</arg>
<arg>${ts_match}</arg>
<arg>${failed_ips}</arg>
<doc>Runs the given keyword with the given arguments, if ``condition`` is true.</doc>
<status status="PASS" start="2025-05-09T11:12:01.647438" elapsed="0.000000"/>
</kw>
<status status="PASS" start="2025-05-09T11:12:01.646438" elapsed="0.001000"/>
</branch>
<status status="PASS" start="2025-05-09T11:12:01.646438" elapsed="0.001000"/>
</if>
<var name="${line}">2025-05-09T10:42:43.799517 | IP: 127.0.0.1 | USERNAME: admin | PASSWORD: code | SUCCESS: False</var>
<status status="PASS" start="2025-05-09T11:12:01.646438" elapsed="0.001000"/>
</iter>
<iter>
<kw name="Run Keyword And Return Status" owner="BuiltIn">
<kw name="Should Contain" owner="BuiltIn">
<arg>${line}</arg>
<arg>SUCCESS: False</arg>
<doc>Fails if ``container`` does not contain ``item`` one or more times.</doc>
<status status="PASS" start="2025-05-09T11:12:01.647438" elapsed="0.001008"/>
</kw>
<msg time="2025-05-09T11:12:01.648446" level="INFO">${is_failed} = True</msg>
<var>${is_failed}</var>
<arg>Should Contain</arg>
<arg>${line}</arg>
<arg>SUCCESS: False</arg>
<doc>Runs the given keyword with given arguments and returns the status as a Boolean value.</doc>
<status status="PASS" start="2025-05-09T11:12:01.647438" elapsed="0.001008"/>
</kw>
<if>
<branch type="IF" condition="${is_failed}">
<kw name="Get Regexp Matches" owner="String">
<msg time="2025-05-09T11:12:01.648446" level="INFO">${ip_match} = []</msg>
<var>${ip_match}</var>
<arg>${line}</arg>
<arg>IP: (\S+)</arg>
<doc>Returns a list of all non-overlapping matches in the given string.</doc>
<status status="PASS" start="2025-05-09T11:12:01.648446" elapsed="0.000000"/>
</kw>
<kw name="Get Regexp Matches" owner="String">
<msg time="2025-05-09T11:12:01.649361" level="INFO">${ts_match} = ['2025-05-09T10:42:44.328617 ', '', '', '', '', '', '', '', '', '', '', '', '', '', '', '', '', '', '', '', '', '', '', '', '', '', '', '', '', '', '', '', '', '', '', '', '', '', '', '', '', '', '', ...</msg>
<var>${ts_match}</var>
<arg>${line}</arg>
<arg>^(.*?) \|</arg>
<doc>Returns a list of all non-overlapping matches in the given string.</doc>
<status status="PASS" start="2025-05-09T11:12:01.649361" elapsed="0.000000"/>
</kw>
<kw name="Get Length" owner="BuiltIn">
<msg time="2025-05-09T11:12:01.649361" level="INFO">Length is 0.</msg>
<msg time="2025-05-09T11:12:01.649361" level="INFO">${ip_len} = 0</msg>
<var>${ip_len}</var>
<arg>${ip_match}</arg>
<doc>Returns and logs the length of the given item as an integer.</doc>
<status status="PASS" start="2025-05-09T11:12:01.649361" elapsed="0.000000"/>
</kw>
<kw name="Get Length" owner="BuiltIn">
<msg time="2025-05-09T11:12:01.649361" level="INFO">Length is 66.</msg>
<msg time="2025-05-09T11:12:01.649361" level="INFO">${ts_len} = 66</msg>
<var>${ts_len}</var>
<arg>${ts_match}</arg>
<doc>Returns and logs the length of the given item as an integer.</doc>
<status status="PASS" start="2025-05-09T11:12:01.649361" elapsed="0.000000"/>
</kw>
<kw name="Run Keyword If" owner="BuiltIn">
<arg>${ip_len} &gt; 0 and ${ts_len} &gt; 0</arg>
<arg>Store Failed Attempt</arg>
<arg>${ip_match}</arg>
<arg>${ts_match}</arg>
<arg>${failed_ips}</arg>
<doc>Runs the given keyword with the given arguments, if ``condition`` is true.</doc>
<status status="PASS" start="2025-05-09T11:12:01.649361" elapsed="0.000000"/>
</kw>
<status status="PASS" start="2025-05-09T11:12:01.648446" elapsed="0.000915"/>
</branch>
<status status="PASS" start="2025-05-09T11:12:01.648446" elapsed="0.000915"/>
</if>
<var name="${line}">2025-05-09T10:42:44.328617 | IP: 127.0.0.1 | USERNAME: admin | PASSWORD: q | SUCCESS: False</var>
<status status="PASS" start="2025-05-09T11:12:01.647438" elapsed="0.001923"/>
</iter>
<iter>
<kw name="Run Keyword And Return Status" owner="BuiltIn">
<kw name="Should Contain" owner="BuiltIn">
<arg>${line}</arg>
<arg>SUCCESS: False</arg>
<doc>Fails if ``container`` does not contain ``item`` one or more times.</doc>
<status status="PASS" start="2025-05-09T11:12:01.649361" elapsed="0.001084"/>
</kw>
<msg time="2025-05-09T11:12:01.650445" level="INFO">${is_failed} = True</msg>
<var>${is_failed}</var>
<arg>Should Contain</arg>
<arg>${line}</arg>
<arg>SUCCESS: False</arg>
<doc>Runs the given keyword with given arguments and returns the status as a Boolean value.</doc>
<status status="PASS" start="2025-05-09T11:12:01.649361" elapsed="0.001084"/>
</kw>
<if>
<branch type="IF" condition="${is_failed}">
<kw name="Get Regexp Matches" owner="String">
<msg time="2025-05-09T11:12:01.650445" level="INFO">${ip_match} = []</msg>
<var>${ip_match}</var>
<arg>${line}</arg>
<arg>IP: (\S+)</arg>
<doc>Returns a list of all non-overlapping matches in the given string.</doc>
<status status="PASS" start="2025-05-09T11:12:01.650445" elapsed="0.000000"/>
</kw>
<kw name="Get Regexp Matches" owner="String">
<msg time="2025-05-09T11:12:01.650445" level="INFO">${ts_match} = ['2025-05-09T10:42:44.683683 ', '', '', '', '', '', '', '', '', '', '', '', '', '', '', '', '', '', '', '', '', '', '', '', '', '', '', '', '', '', '', '', '', '', '', '', '', '', '', '', '', '', '', ...</msg>
<var>${ts_match}</var>
<arg>${line}</arg>
<arg>^(.*?) \|</arg>
<doc>Returns a list of all non-overlapping matches in the given string.</doc>
<status status="PASS" start="2025-05-09T11:12:01.650445" elapsed="0.000000"/>
</kw>
<kw name="Get Length" owner="BuiltIn">
<msg time="2025-05-09T11:12:01.650445" level="INFO">Length is 0.</msg>
<msg time="2025-05-09T11:12:01.650445" level="INFO">${ip_len} = 0</msg>
<var>${ip_len}</var>
<arg>${ip_match}</arg>
<doc>Returns and logs the length of the given item as an integer.</doc>
<status status="PASS" start="2025-05-09T11:12:01.650445" elapsed="0.000000"/>
</kw>
<kw name="Get Length" owner="BuiltIn">
<msg time="2025-05-09T11:12:01.650445" level="INFO">Length is 71.</msg>
<msg time="2025-05-09T11:12:01.650445" level="INFO">${ts_len} = 71</msg>
<var>${ts_len}</var>
<arg>${ts_match}</arg>
<doc>Returns and logs the length of the given item as an integer.</doc>
<status status="PASS" start="2025-05-09T11:12:01.650445" elapsed="0.000000"/>
</kw>
<kw name="Run Keyword If" owner="BuiltIn">
<arg>${ip_len} &gt; 0 and ${ts_len} &gt; 0</arg>
<arg>Store Failed Attempt</arg>
<arg>${ip_match}</arg>
<arg>${ts_match}</arg>
<arg>${failed_ips}</arg>
<doc>Runs the given keyword with the given arguments, if ``condition`` is true.</doc>
<status status="PASS" start="2025-05-09T11:12:01.650445" elapsed="0.000000"/>
</kw>
<status status="PASS" start="2025-05-09T11:12:01.650445" elapsed="0.001005"/>
</branch>
<status status="PASS" start="2025-05-09T11:12:01.650445" elapsed="0.001005"/>
</if>
<var name="${line}">2025-05-09T10:42:44.683683 | IP: 127.0.0.1 | USERNAME: admin | PASSWORD: submit | SUCCESS: False</var>
<status status="PASS" start="2025-05-09T11:12:01.649361" elapsed="0.002089"/>
</iter>
<iter>
<kw name="Run Keyword And Return Status" owner="BuiltIn">
<kw name="Should Contain" owner="BuiltIn">
<arg>${line}</arg>
<arg>SUCCESS: False</arg>
<doc>Fails if ``container`` does not contain ``item`` one or more times.</doc>
<status status="PASS" start="2025-05-09T11:12:01.651450" elapsed="0.000000"/>
</kw>
<msg time="2025-05-09T11:12:01.651450" level="INFO">${is_failed} = True</msg>
<var>${is_failed}</var>
<arg>Should Contain</arg>
<arg>${line}</arg>
<arg>SUCCESS: False</arg>
<doc>Runs the given keyword with given arguments and returns the status as a Boolean value.</doc>
<status status="PASS" start="2025-05-09T11:12:01.651450" elapsed="0.000000"/>
</kw>
<if>
<branch type="IF" condition="${is_failed}">
<kw name="Get Regexp Matches" owner="String">
<msg time="2025-05-09T11:12:01.651450" level="INFO">${ip_match} = []</msg>
<var>${ip_match}</var>
<arg>${line}</arg>
<arg>IP: (\S+)</arg>
<doc>Returns a list of all non-overlapping matches in the given string.</doc>
<status status="PASS" start="2025-05-09T11:12:01.651450" elapsed="0.000000"/>
</kw>
<kw name="Get Regexp Matches" owner="String">
<msg time="2025-05-09T11:12:01.651450" level="INFO">${ts_match} = ['2025-05-09T10:42:44.983317 ', '', '', '', '', '', '', '', '', '', '', '', '', '', '', '', '', '', '', '', '', '', '', '', '', '', '', '', '', '', '', '', '', '', '', '', '', '', '', '', '', '', '', ...</msg>
<var>${ts_match}</var>
<arg>${line}</arg>
<arg>^(.*?) \|</arg>
<doc>Returns a list of all non-overlapping matches in the given string.</doc>
<status status="PASS" start="2025-05-09T11:12:01.651450" elapsed="0.000000"/>
</kw>
<kw name="Get Length" owner="BuiltIn">
<msg time="2025-05-09T11:12:01.651450" level="INFO">Length is 0.</msg>
<msg time="2025-05-09T11:12:01.651450" level="INFO">${ip_len} = 0</msg>
<var>${ip_len}</var>
<arg>${ip_match}</arg>
<doc>Returns and logs the length of the given item as an integer.</doc>
<status status="PASS" start="2025-05-09T11:12:01.651450" elapsed="0.000000"/>
</kw>
<kw name="Get Length" owner="BuiltIn">
<msg time="2025-05-09T11:12:01.652452" level="INFO">Length is 69.</msg>
<msg time="2025-05-09T11:12:01.652452" level="INFO">${ts_len} = 69</msg>
<var>${ts_len}</var>
<arg>${ts_match}</arg>
<doc>Returns and logs the length of the given item as an integer.</doc>
<status status="PASS" start="2025-05-09T11:12:01.651450" elapsed="0.001002"/>
</kw>
<kw name="Run Keyword If" owner="BuiltIn">
<arg>${ip_len} &gt; 0 and ${ts_len} &gt; 0</arg>
<arg>Store Failed Attempt</arg>
<arg>${ip_match}</arg>
<arg>${ts_match}</arg>
<arg>${failed_ips}</arg>
<doc>Runs the given keyword with the given arguments, if ``condition`` is true.</doc>
<status status="PASS" start="2025-05-09T11:12:01.652452" elapsed="0.000000"/>
</kw>
<status status="PASS" start="2025-05-09T11:12:01.651450" elapsed="0.001002"/>
</branch>
<status status="PASS" start="2025-05-09T11:12:01.651450" elapsed="0.001002"/>
</if>
<var name="${line}">2025-05-09T10:42:44.983317 | IP: 127.0.0.1 | USERNAME: admin | PASSWORD: user | SUCCESS: False</var>
<status status="PASS" start="2025-05-09T11:12:01.651450" elapsed="0.001002"/>
</iter>
<iter>
<kw name="Run Keyword And Return Status" owner="BuiltIn">
<kw name="Should Contain" owner="BuiltIn">
<arg>${line}</arg>
<arg>SUCCESS: False</arg>
<doc>Fails if ``container`` does not contain ``item`` one or more times.</doc>
<status status="PASS" start="2025-05-09T11:12:01.653040" elapsed="0.000000"/>
</kw>
<msg time="2025-05-09T11:12:01.653040" level="INFO">${is_failed} = True</msg>
<var>${is_failed}</var>
<arg>Should Contain</arg>
<arg>${line}</arg>
<arg>SUCCESS: False</arg>
<doc>Runs the given keyword with given arguments and returns the status as a Boolean value.</doc>
<status status="PASS" start="2025-05-09T11:12:01.652452" elapsed="0.000588"/>
</kw>
<if>
<branch type="IF" condition="${is_failed}">
<kw name="Get Regexp Matches" owner="String">
<msg time="2025-05-09T11:12:01.653040" level="INFO">${ip_match} = []</msg>
<var>${ip_match}</var>
<arg>${line}</arg>
<arg>IP: (\S+)</arg>
<doc>Returns a list of all non-overlapping matches in the given string.</doc>
<status status="PASS" start="2025-05-09T11:12:01.653040" elapsed="0.000000"/>
</kw>
<kw name="Get Regexp Matches" owner="String">
<msg time="2025-05-09T11:12:01.653040" level="INFO">${ts_match} = ['2025-05-09T10:42:45.297839 ', '', '', '', '', '', '', '', '', '', '', '', '', '', '', '', '', '', '', '', '', '', '', '', '', '', '', '', '', '', '', '', '', '', '', '', '', '', '', '', '', '', '', ...</msg>
<var>${ts_match}</var>
<arg>${line}</arg>
<arg>^(.*?) \|</arg>
<doc>Returns a list of all non-overlapping matches in the given string.</doc>
<status status="PASS" start="2025-05-09T11:12:01.653040" elapsed="0.000000"/>
</kw>
<kw name="Get Length" owner="BuiltIn">
<msg time="2025-05-09T11:12:01.653040" level="INFO">Length is 0.</msg>
<msg time="2025-05-09T11:12:01.653040" level="INFO">${ip_len} = 0</msg>
<var>${ip_len}</var>
<arg>${ip_match}</arg>
<doc>Returns and logs the length of the given item as an integer.</doc>
<status status="PASS" start="2025-05-09T11:12:01.653040" elapsed="0.000000"/>
</kw>
<kw name="Get Length" owner="BuiltIn">
<msg time="2025-05-09T11:12:01.653040" level="INFO">Length is 70.</msg>
<msg time="2025-05-09T11:12:01.654046" level="INFO">${ts_len} = 70</msg>
<var>${ts_len}</var>
<arg>${ts_match}</arg>
<doc>Returns and logs the length of the given item as an integer.</doc>
<status status="PASS" start="2025-05-09T11:12:01.653040" elapsed="0.001006"/>
</kw>
<kw name="Run Keyword If" owner="BuiltIn">
<arg>${ip_len} &gt; 0 and ${ts_len} &gt; 0</arg>
<arg>Store Failed Attempt</arg>
<arg>${ip_match}</arg>
<arg>${ts_match}</arg>
<arg>${failed_ips}</arg>
<doc>Runs the given keyword with the given arguments, if ``condition`` is true.</doc>
<status status="PASS" start="2025-05-09T11:12:01.654046" elapsed="0.000000"/>
</kw>
<status status="PASS" start="2025-05-09T11:12:01.653040" elapsed="0.001006"/>
</branch>
<status status="PASS" start="2025-05-09T11:12:01.653040" elapsed="0.001006"/>
</if>
<var name="${line}">2025-05-09T10:42:45.297839 | IP: 127.0.0.1 | USERNAME: admin | PASSWORD: token | SUCCESS: False</var>
<status status="PASS" start="2025-05-09T11:12:01.652452" elapsed="0.001594"/>
</iter>
<iter>
<kw name="Run Keyword And Return Status" owner="BuiltIn">
<kw name="Should Contain" owner="BuiltIn">
<arg>${line}</arg>
<arg>SUCCESS: False</arg>
<doc>Fails if ``container`` does not contain ``item`` one or more times.</doc>
<status status="PASS" start="2025-05-09T11:12:01.654046" elapsed="0.000000"/>
</kw>
<msg time="2025-05-09T11:12:01.654046" level="INFO">${is_failed} = True</msg>
<var>${is_failed}</var>
<arg>Should Contain</arg>
<arg>${line}</arg>
<arg>SUCCESS: False</arg>
<doc>Runs the given keyword with given arguments and returns the status as a Boolean value.</doc>
<status status="PASS" start="2025-05-09T11:12:01.654046" elapsed="0.000000"/>
</kw>
<if>
<branch type="IF" condition="${is_failed}">
<kw name="Get Regexp Matches" owner="String">
<msg time="2025-05-09T11:12:01.655055" level="INFO">${ip_match} = []</msg>
<var>${ip_match}</var>
<arg>${line}</arg>
<arg>IP: (\S+)</arg>
<doc>Returns a list of all non-overlapping matches in the given string.</doc>
<status status="PASS" start="2025-05-09T11:12:01.655055" elapsed="0.000000"/>
</kw>
<kw name="Get Regexp Matches" owner="String">
<msg time="2025-05-09T11:12:01.655055" level="INFO">${ts_match} = ['2025-05-09T10:42:45.689566 ', '', '', '', '', '', '', '', '', '', '', '', '', '', '', '', '', '', '', '', '', '', '', '', '', '', '', '', '', '', '', '', '', '', '', '', '', '', '', '', '', '', '', ...</msg>
<var>${ts_match}</var>
<arg>${line}</arg>
<arg>^(.*?) \|</arg>
<doc>Returns a list of all non-overlapping matches in the given string.</doc>
<status status="PASS" start="2025-05-09T11:12:01.655055" elapsed="0.000000"/>
</kw>
<kw name="Get Length" owner="BuiltIn">
<msg time="2025-05-09T11:12:01.656057" level="INFO">Length is 0.</msg>
<msg time="2025-05-09T11:12:01.656057" level="INFO">${ip_len} = 0</msg>
<var>${ip_len}</var>
<arg>${ip_match}</arg>
<doc>Returns and logs the length of the given item as an integer.</doc>
<status status="PASS" start="2025-05-09T11:12:01.656057" elapsed="0.000000"/>
</kw>
<kw name="Get Length" owner="BuiltIn">
<msg time="2025-05-09T11:12:01.656057" level="INFO">Length is 71.</msg>
<msg time="2025-05-09T11:12:01.656057" level="INFO">${ts_len} = 71</msg>
<var>${ts_len}</var>
<arg>${ts_match}</arg>
<doc>Returns and logs the length of the given item as an integer.</doc>
<status status="PASS" start="2025-05-09T11:12:01.656057" elapsed="0.000000"/>
</kw>
<kw name="Run Keyword If" owner="BuiltIn">
<arg>${ip_len} &gt; 0 and ${ts_len} &gt; 0</arg>
<arg>Store Failed Attempt</arg>
<arg>${ip_match}</arg>
<arg>${ts_match}</arg>
<arg>${failed_ips}</arg>
<doc>Runs the given keyword with the given arguments, if ``condition`` is true.</doc>
<status status="PASS" start="2025-05-09T11:12:01.656057" elapsed="0.000000"/>
</kw>
<status status="PASS" start="2025-05-09T11:12:01.654046" elapsed="0.002011"/>
</branch>
<status status="PASS" start="2025-05-09T11:12:01.654046" elapsed="0.002011"/>
</if>
<var name="${line}">2025-05-09T10:42:45.689566 | IP: 127.0.0.1 | USERNAME: admin | PASSWORD: delete | SUCCESS: False</var>
<status status="PASS" start="2025-05-09T11:12:01.654046" elapsed="0.003006"/>
</iter>
<iter>
<kw name="Run Keyword And Return Status" owner="BuiltIn">
<kw name="Should Contain" owner="BuiltIn">
<msg time="2025-05-09T11:12:01.657052" level="FAIL">'2025-05-09T10:42:46.039240 | IP: 127.0.0.1 | USERNAME: admin | PASSWORD: secret | SUCCESS: True' does not contain 'SUCCESS: False'</msg>
<arg>${line}</arg>
<arg>SUCCESS: False</arg>
<doc>Fails if ``container`` does not contain ``item`` one or more times.</doc>
<status status="FAIL" start="2025-05-09T11:12:01.657052" elapsed="0.000000">'2025-05-09T10:42:46.039240 | IP: 127.0.0.1 | USERNAME: admin | PASSWORD: secret | SUCCESS: True' does not contain 'SUCCESS: False'</status>
</kw>
<msg time="2025-05-09T11:12:01.657052" level="INFO">${is_failed} = False</msg>
<var>${is_failed}</var>
<arg>Should Contain</arg>
<arg>${line}</arg>
<arg>SUCCESS: False</arg>
<doc>Runs the given keyword with given arguments and returns the status as a Boolean value.</doc>
<status status="PASS" start="2025-05-09T11:12:01.657052" elapsed="0.000000"/>
</kw>
<if>
<branch type="IF" condition="${is_failed}">
<kw name="Get Regexp Matches" owner="String">
<var>${ip_match}</var>
<arg>${line}</arg>
<arg>IP: (\S+)</arg>
<doc>Returns a list of all non-overlapping matches in the given string.</doc>
<status status="NOT RUN" start="2025-05-09T11:12:01.657052" elapsed="0.000000"/>
</kw>
<kw name="Get Regexp Matches" owner="String">
<var>${ts_match}</var>
<arg>${line}</arg>
<arg>^(.*?) \|</arg>
<doc>Returns a list of all non-overlapping matches in the given string.</doc>
<status status="NOT RUN" start="2025-05-09T11:12:01.658054" elapsed="0.000000"/>
</kw>
<kw name="Get Length" owner="BuiltIn">
<var>${ip_len}</var>
<arg>${ip_match}</arg>
<doc>Returns and logs the length of the given item as an integer.</doc>
<status status="NOT RUN" start="2025-05-09T11:12:01.658054" elapsed="0.000000"/>
</kw>
<kw name="Get Length" owner="BuiltIn">
<var>${ts_len}</var>
<arg>${ts_match}</arg>
<doc>Returns and logs the length of the given item as an integer.</doc>
<status status="NOT RUN" start="2025-05-09T11:12:01.658054" elapsed="0.000000"/>
</kw>
<kw name="Run Keyword If" owner="BuiltIn">
<arg>${ip_len} &gt; 0 and ${ts_len} &gt; 0</arg>
<arg>Store Failed Attempt</arg>
<arg>${ip_match}</arg>
<arg>${ts_match}</arg>
<arg>${failed_ips}</arg>
<doc>Runs the given keyword with the given arguments, if ``condition`` is true.</doc>
<status status="NOT RUN" start="2025-05-09T11:12:01.658054" elapsed="0.000000"/>
</kw>
<status status="NOT RUN" start="2025-05-09T11:12:01.657052" elapsed="0.001002"/>
</branch>
<status status="PASS" start="2025-05-09T11:12:01.657052" elapsed="0.001002"/>
</if>
<var name="${line}">2025-05-09T10:42:46.039240 | IP: 127.0.0.1 | USERNAME: admin | PASSWORD: secret | SUCCESS: True</var>
<status status="PASS" start="2025-05-09T11:12:01.657052" elapsed="0.001002"/>
</iter>
<var>${line}</var>
<value>@{lines}</value>
<status status="PASS" start="2025-05-09T11:12:01.625572" elapsed="0.032482"/>
</for>
<for flavor="IN">
<iter>
<kw name="Get From Dictionary" owner="Collections">
<var>${times}</var>
<arg>${failed_ips}</arg>
<arg>${ip}</arg>
<doc>Returns a value from the given ``dictionary`` based on the given ``key``.</doc>
<status status="NOT RUN" start="2025-05-09T11:12:01.659054" elapsed="0.000000"/>
</kw>
<kw name="Get Length" owner="BuiltIn">
<var>${count}</var>
<arg>${times}</arg>
<doc>Returns and logs the length of the given item as an integer.</doc>
<status status="NOT RUN" start="2025-05-09T11:12:01.659054" elapsed="0.000000"/>
</kw>
<kw name="Log To Console" owner="BuiltIn">
<arg>=== DEBUG: Count for IP ${ip} is ${count}, threshold is ${THRESHOLD}</arg>
<doc>Logs the given message to the console.</doc>
<status status="NOT RUN" start="2025-05-09T11:12:01.659054" elapsed="0.000000"/>
</kw>
<kw name="Evaluate" owner="BuiltIn">
<var>${is_exceeded}</var>
<arg>int(${count}) &gt; int(${THRESHOLD})</arg>
<doc>Evaluates the given expression in Python and returns the result.</doc>
<status status="NOT RUN" start="2025-05-09T11:12:01.659054" elapsed="0.000000"/>
</kw>
<kw name="Run Keyword If" owner="BuiltIn">
<arg>${is_exceeded}</arg>
<arg>Log To Console</arg>
<arg>ALERT: IP ${ip} failed ${count} times. Last at ${times[-1]}</arg>
<arg>Should Be Equal As Strings</arg>
<arg>FAIL_NOW</arg>
<arg>PASS</arg>
<doc>Runs the given keyword with the given arguments, if ``condition`` is true.</doc>
<status status="NOT RUN" start="2025-05-09T11:12:01.659054" elapsed="0.000000"/>
</kw>
<var name="${ip}"/>
<status status="NOT RUN" start="2025-05-09T11:12:01.659054" elapsed="0.000000"/>
</iter>
<var>${ip}</var>
<value>@{failed_ips.keys()}</value>
<status status="NOT RUN" start="2025-05-09T11:12:01.658054" elapsed="0.001000"/>
</for>
<status status="PASS" start="2025-05-09T11:12:01.623681" elapsed="0.036350"/>
</test>
<status status="PASS" start="2025-05-09T11:12:01.586737" elapsed="0.074145"/>
</suite>
<statistics>
<total>
<stat pass="1" fail="0" skip="0">All Tests</stat>
</total>
<tag>
</tag>
<suite>
<stat name="BruteForce" id="s1" pass="1" fail="0" skip="0">BruteForce</stat>
</suite>
</statistics>
<errors>
</errors>
</robot>
